# JRE version: Java(TM) SE Runtime Environment (17.0.9+11) (build 17.0.9+11-LTS-201)
# Java VM: Java HotSpot(TM) 64-Bit Server VM (17.0.9+11-LTS-201, mixed mode, emulated-client, sharing, tiered, compressed oops, compressed class ptrs, g1 gc, windows-amd64)
GC Precious Log:
 CPUs: 4 total, 4 available
 Memory: 8073M
 Large Page Support: Disabled
 NUMA Support: Disabled
 Compressed Oops: Enabled (32-bit)
 Heap Region Size: 1M
 Heap Min Capacity: 8M
 Heap Initial Capacity: 128M
 Heap Max Capacity: 2020M
 Pre-touch: Disabled
 Parallel Workers: 4
 Concurrent Workers: 1
 Concurrent Refinement Workers: 4
 Periodic GC: Disabled
Heap:
 garbage-first heap   total 237568K, used 109597K [0x0000000081c00000, 0x0000000100000000)
  region size 1024K, 8 young (8192K), 8 survivors (8192K)
 Metaspace       used 69931K, committed 70592K, reserved 1114112K
  class space    used 10313K, committed 10624K, reserved 1048576K
GC Heap History (20 events):
Event: 31.604 GC heap after
{Heap after GC invocations=30 (full 0):
 garbage-first heap   total 75776K, used 38908K [0x0000000081c00000, 0x0000000100000000)
  region size 1024K, 4 young (4096K), 4 survivors (4096K)
 Metaspace       used 69629K, committed 70272K, reserved 1114112K
  class space    used 10251K, committed 10560K, reserved 1048576K
}
Event: 31.763 GC heap before
{Heap before GC invocations=30 (full 0):
 garbage-first heap   total 75776K, used 60412K [0x0000000081c00000, 0x0000000100000000)
  region size 1024K, 26 young (26624K), 4 survivors (4096K)
 Metaspace       used 69629K, committed 70272K, reserved 1114112K
  class space    used 10251K, committed 10560K, reserved 1048576K
}
Event: 31.778 GC heap after
{Heap after GC invocations=31 (full 0):
 garbage-first heap   total 75776K, used 47819K [0x0000000081c00000, 0x0000000100000000)
  region size 1024K, 4 young (4096K), 4 survivors (4096K)
 Metaspace       used 69629K, committed 70272K, reserved 1114112K
  class space    used 10251K, committed 10560K, reserved 1048576K
}
Event: 31.878 GC heap before
{Heap before GC invocations=31 (full 0):
 garbage-first heap   total 99328K, used 59083K [0x0000000081c00000, 0x0000000100000000)
  region size 1024K, 15 young (15360K), 4 survivors (4096K)
 Metaspace       used 69593K, committed 70272K, reserved 1114112K
  class space    used 10243K, committed 10560K, reserved 1048576K
}
Event: 31.891 GC heap after
{Heap after GC invocations=32 (full 0):
 garbage-first heap   total 99328K, used 52342K [0x0000000081c00000, 0x0000000100000000)
  region size 1024K, 2 young (2048K), 2 survivors (2048K)
 Metaspace       used 69593K, committed 70272K, reserved 1114112K
  class space    used 10243K, committed 10560K, reserved 1048576K
}
Event: 32.138 GC heap before
{Heap before GC invocations=33 (full 0):
 garbage-first heap   total 99328K, used 75894K [0x0000000081c00000, 0x0000000100000000)
  region size 1024K, 24 young (24576K), 2 survivors (2048K)
 Metaspace       used 69593K, committed 70272K, reserved 1114112K
  class space    used 10243K, committed 10560K, reserved 1048576K
}
Event: 32.147 GC heap after
{Heap after GC invocations=34 (full 0):
 garbage-first heap   total 99328K, used 60468K [0x0000000081c00000, 0x0000000100000000)
  region size 1024K, 3 young (3072K), 3 survivors (3072K)
 Metaspace       used 69593K, committed 70272K, reserved 1114112K
  class space    used 10243K, committed 10560K, reserved 1048576K
}
Event: 32.153 GC heap before
{Heap before GC invocations=34 (full 0):
 garbage-first heap   total 99328K, used 61492K [0x0000000081c00000, 0x0000000100000000)
  region size 1024K, 4 young (4096K), 3 survivors (3072K)
 Metaspace       used 69593K, committed 70272K, reserved 1114112K
  class space    used 10243K, committed 10560K, reserved 1048576K
}
Event: 32.160 GC heap after
{Heap after GC invocations=35 (full 0):
 garbage-first heap   total 99328K, used 61544K [0x0000000081c00000, 0x0000000100000000)
  region size 1024K, 1 young (1024K), 1 survivors (1024K)
 Metaspace       used 69593K, committed 70272K, reserved 1114112K
  class space    used 10243K, committed 10560K, reserved 1048576K
}
Event: 32.261 GC heap before
{Heap before GC invocations=35 (full 0):
 garbage-first heap   total 99328K, used 76904K [0x0000000081c00000, 0x0000000100000000)
  region size 1024K, 16 young (16384K), 1 survivors (1024K)
 Metaspace       used 69598K, committed 70272K, reserved 1114112K
  class space    used 10244K, committed 10560K, reserved 1048576K
}
Event: 32.264 GC heap after
{Heap after GC invocations=36 (full 0):
 garbage-first heap   total 237568K, used 61257K [0x0000000081c00000, 0x0000000100000000)
  region size 1024K, 1 young (1024K), 1 survivors (1024K)
 Metaspace       used 69598K, committed 70272K, reserved 1114112K
  class space    used 10244K, committed 10560K, reserved 1048576K
}
Event: 33.801 GC heap before
{Heap before GC invocations=37 (full 0):
 garbage-first heap   total 222208K, used 159561K [0x0000000081c00000, 0x0000000100000000)
  region size 1024K, 101 young (103424K), 1 survivors (1024K)
 Metaspace       used 69606K, committed 70272K, reserved 1114112K
  class space    used 10246K, committed 10560K, reserved 1048576K
}
Event: 33.867 GC heap after
{Heap after GC invocations=38 (full 0):
 garbage-first heap   total 222208K, used 72647K [0x0000000081c00000, 0x0000000100000000)
  region size 1024K, 13 young (13312K), 13 survivors (13312K)
 Metaspace       used 69606K, committed 70272K, reserved 1114112K
  class space    used 10246K, committed 10560K, reserved 1048576K
}
Event: 33.912 GC heap before
{Heap before GC invocations=38 (full 0):
 garbage-first heap   total 222208K, used 73671K [0x0000000081c00000, 0x0000000100000000)
  region size 1024K, 14 young (14336K), 13 survivors (13312K)
 Metaspace       used 69606K, committed 70272K, reserved 1114112K
  class space    used 10246K, committed 10560K, reserved 1048576K
}
Event: 33.957 GC heap after
{Heap after GC invocations=39 (full 0):
 garbage-first heap   total 222208K, used 63411K [0x0000000081c00000, 0x0000000100000000)
  region size 1024K, 1 young (1024K), 1 survivors (1024K)
 Metaspace       used 69606K, committed 70272K, reserved 1114112K
  class space    used 10246K, committed 10560K, reserved 1048576K
}
Event: 35.306 GC heap before
{Heap before GC invocations=39 (full 0):
 garbage-first heap   total 222208K, used 165811K [0x0000000081c00000, 0x0000000100000000)
  region size 1024K, 98 young (100352K), 1 survivors (1024K)
 Metaspace       used 69606K, committed 70272K, reserved 1114112K
  class space    used 10246K, committed 10560K, reserved 1048576K
}
Event: 35.342 GC heap after
{Heap after GC invocations=40 (full 0):
 garbage-first heap   total 222208K, used 98333K [0x0000000081c00000, 0x0000000100000000)
  region size 1024K, 13 young (13312K), 13 survivors (13312K)
 Metaspace       used 69606K, committed 70272K, reserved 1114112K
  class space    used 10246K, committed 10560K, reserved 1048576K
}
Event: 36.210 GC heap before
{Heap before GC invocations=40 (full 0):
 garbage-first heap   total 222208K, used 158749K [0x0000000081c00000, 0x0000000100000000)
  region size 1024K, 72 young (73728K), 13 survivors (13312K)
 Metaspace       used 69798K, committed 70464K, reserved 1114112K
  class space    used 10302K, committed 10624K, reserved 1048576K
}
Event: 36.241 GC heap after
{Heap after GC invocations=41 (full 0):
 garbage-first heap   total 222208K, used 102941K [0x0000000081c00000, 0x0000000100000000)
  region size 1024K, 4 young (4096K), 4 survivors (4096K)
 Metaspace       used 69798K, committed 70464K, reserved 1114112K
  class space    used 10302K, committed 10624K, reserved 1048576K
}
Event: 36.856 GC heap before
{Heap before GC invocations=41 (full 0):
 garbage-first heap   total 222208K, used 164381K [0x0000000081c00000, 0x0000000100000000)
  region size 1024K, 64 young (65536K), 4 survivors (4096K)
 Metaspace       used 69931K, committed 70592K, reserved 1114112K
  class space    used 10313K, committed 10624K, reserved 1048576K
}

